This is pdfTeX, Version 3.1415926-2.5-1.40.14 (TeX Live 2013) (format=pdflatex 2013.10.22)  2 DEC 2013 00:00
entering extended mode
 restricted \write18 enabled.
 file:line:error style messages enabled.
 %&-line parsing enabled.
**thesis
(./thesis.tex
LaTeX2e <2011/06/27>
Babel <3.9f> and hyphenation patterns for 78 languages loaded.
(./puthesis.cls
Document Class: puthesis 2008/05/02 v1.4 Princeton University Thesis class
(/usr/local/texlive/2013/texmf-dist/tex/latex/setspace/setspace.sty
Package: setspace 2011/12/19 v6.7a set line spacing
) (./ccicons.sty
Package: ccicons 2012/05/22 v1.4 LaTeX support for Creative Commons icons
(/usr/local/texlive/2013/texmf-dist/tex/latex/xkeyval/xkeyval.sty
Package: xkeyval 2012/10/14 v2.6b package option processing (HA)
(/usr/local/texlive/2013/texmf-dist/tex/generic/xkeyval/xkeyval.tex
\XKV@toks=\toks14
\XKV@tempa@toks=\toks15
\XKV@depth=\count79
File: xkeyval.tex 2012/10/14 v2.6b key=value parser (HA)
(/usr/local/texlive/2013/texmf-dist/tex/generic/xkeyval/keyval.tex)))) (/usr/lo
cal/texlive/2013/texmf-dist/tex/latex/base/ifthen.sty
Package: ifthen 2001/05/26 v1.1c Standard LaTeX ifthen package (DPC)
)
\c@subyear=\count80
(/usr/local/texlive/2013/texmf-dist/tex/latex/base/report.cls
Document Class: report 2007/10/19 v1.4h Standard LaTeX document class
(/usr/local/texlive/2013/texmf-dist/tex/latex/base/size10.clo
File: size10.clo 2007/10/19 v1.4h Standard LaTeX file (size option)
)
\c@part=\count81
\c@chapter=\count82
\c@section=\count83
\c@subsection=\count84
\c@subsubsection=\count85
\c@paragraph=\count86
\c@subparagraph=\count87
\c@figure=\count88
\c@table=\count89
\abovecaptionskip=\skip41
\belowcaptionskip=\skip42
\bibindent=\dimen102
)) (/usr/local/texlive/2013/texmf-dist/tex/latex/base/inputenc.sty
Package: inputenc 2008/03/30 v1.1d Input encoding file
\inpenc@prehook=\toks16
\inpenc@posthook=\toks17
(/usr/local/texlive/2013/texmf-dist/tex/latex/base/utf8.def
File: utf8.def 2008/04/05 v1.1m UTF-8 support for inputenc
Now handling font encoding OML ...
... no UTF-8 mapping file for font encoding OML
Now handling font encoding T1 ...
... processing UTF-8 mapping file for font encoding T1
(/usr/local/texlive/2013/texmf-dist/tex/latex/base/t1enc.dfu
File: t1enc.dfu 2008/04/05 v1.1m UTF-8 support for inputenc
   defining Unicode char U+00A1 (decimal 161)
   defining Unicode char U+00A3 (decimal 163)
   defining Unicode char U+00AB (decimal 171)
   defining Unicode char U+00BB (decimal 187)
   defining Unicode char U+00BF (decimal 191)
   defining Unicode char U+00C0 (decimal 192)
   defining Unicode char U+00C1 (decimal 193)
   defining Unicode char U+00C2 (decimal 194)
   defining Unicode char U+00C3 (decimal 195)
   defining Unicode char U+00C4 (decimal 196)
   defining Unicode char U+00C5 (decimal 197)
   defining Unicode char U+00C6 (decimal 198)
   defining Unicode char U+00C7 (decimal 199)
   defining Unicode char U+00C8 (decimal 200)
   defining Unicode char U+00C9 (decimal 201)
   defining Unicode char U+00CA (decimal 202)
   defining Unicode char U+00CB (decimal 203)
   defining Unicode char U+00CC (decimal 204)
   defining Unicode char U+00CD (decimal 205)
   defining Unicode char U+00CE (decimal 206)
   defining Unicode char U+00CF (decimal 207)
   defining Unicode char U+00D0 (decimal 208)
   defining Unicode char U+00D1 (decimal 209)
   defining Unicode char U+00D2 (decimal 210)
   defining Unicode char U+00D3 (decimal 211)
   defining Unicode char U+00D4 (decimal 212)
   defining Unicode char U+00D5 (decimal 213)
   defining Unicode char U+00D6 (decimal 214)
   defining Unicode char U+00D8 (decimal 216)
   defining Unicode char U+00D9 (decimal 217)
   defining Unicode char U+00DA (decimal 218)
   defining Unicode char U+00DB (decimal 219)
   defining Unicode char U+00DC (decimal 220)
   defining Unicode char U+00DD (decimal 221)
   defining Unicode char U+00DE (decimal 222)
   defining Unicode char U+00DF (decimal 223)
   defining Unicode char U+00E0 (decimal 224)
   defining Unicode char U+00E1 (decimal 225)
   defining Unicode char U+00E2 (decimal 226)
   defining Unicode char U+00E3 (decimal 227)
   defining Unicode char U+00E4 (decimal 228)
   defining Unicode char U+00E5 (decimal 229)
   defining Unicode char U+00E6 (decimal 230)
   defining Unicode char U+00E7 (decimal 231)
   defining Unicode char U+00E8 (decimal 232)
   defining Unicode char U+00E9 (decimal 233)
   defining Unicode char U+00EA (decimal 234)
   defining Unicode char U+00EB (decimal 235)
   defining Unicode char U+00EC (decimal 236)
   defining Unicode char U+00ED (decimal 237)
   defining Unicode char U+00EE (decimal 238)
   defining Unicode char U+00EF (decimal 239)
   defining Unicode char U+00F0 (decimal 240)
   defining Unicode char U+00F1 (decimal 241)
   defining Unicode char U+00F2 (decimal 242)
   defining Unicode char U+00F3 (decimal 243)
   defining Unicode char U+00F4 (decimal 244)
   defining Unicode char U+00F5 (decimal 245)
   defining Unicode char U+00F6 (decimal 246)
   defining Unicode char U+00F8 (decimal 248)
   defining Unicode char U+00F9 (decimal 249)
   defining Unicode char U+00FA (decimal 250)
   defining Unicode char U+00FB (decimal 251)
   defining Unicode char U+00FC (decimal 252)
   defining Unicode char U+00FD (decimal 253)
   defining Unicode char U+00FE (decimal 254)
   defining Unicode char U+00FF (decimal 255)
   defining Unicode char U+0102 (decimal 258)
   defining Unicode char U+0103 (decimal 259)
   defining Unicode char U+0104 (decimal 260)
   defining Unicode char U+0105 (decimal 261)
   defining Unicode char U+0106 (decimal 262)
   defining Unicode char U+0107 (decimal 263)
   defining Unicode char U+010C (decimal 268)
   defining Unicode char U+010D (decimal 269)
   defining Unicode char U+010E (decimal 270)
   defining Unicode char U+010F (decimal 271)
   defining Unicode char U+0110 (decimal 272)
   defining Unicode char U+0111 (decimal 273)
   defining Unicode char U+0118 (decimal 280)
   defining Unicode char U+0119 (decimal 281)
   defining Unicode char U+011A (decimal 282)
   defining Unicode char U+011B (decimal 283)
   defining Unicode char U+011E (decimal 286)
   defining Unicode char U+011F (decimal 287)
   defining Unicode char U+0130 (decimal 304)
   defining Unicode char U+0131 (decimal 305)
   defining Unicode char U+0132 (decimal 306)
   defining Unicode char U+0133 (decimal 307)
   defining Unicode char U+0139 (decimal 313)
   defining Unicode char U+013A (decimal 314)
   defining Unicode char U+013D (decimal 317)
   defining Unicode char U+013E (decimal 318)
   defining Unicode char U+0141 (decimal 321)
   defining Unicode char U+0142 (decimal 322)
   defining Unicode char U+0143 (decimal 323)
   defining Unicode char U+0144 (decimal 324)
   defining Unicode char U+0147 (decimal 327)
   defining Unicode char U+0148 (decimal 328)
   defining Unicode char U+014A (decimal 330)
   defining Unicode char U+014B (decimal 331)
   defining Unicode char U+0150 (decimal 336)
   defining Unicode char U+0151 (decimal 337)
   defining Unicode char U+0152 (decimal 338)
   defining Unicode char U+0153 (decimal 339)
   defining Unicode char U+0154 (decimal 340)
   defining Unicode char U+0155 (decimal 341)
   defining Unicode char U+0158 (decimal 344)
   defining Unicode char U+0159 (decimal 345)
   defining Unicode char U+015A (decimal 346)
   defining Unicode char U+015B (decimal 347)
   defining Unicode char U+015E (decimal 350)
   defining Unicode char U+015F (decimal 351)
   defining Unicode char U+0160 (decimal 352)
   defining Unicode char U+0161 (decimal 353)
   defining Unicode char U+0162 (decimal 354)
   defining Unicode char U+0163 (decimal 355)
   defining Unicode char U+0164 (decimal 356)
   defining Unicode char U+0165 (decimal 357)
   defining Unicode char U+016E (decimal 366)
   defining Unicode char U+016F (decimal 367)
   defining Unicode char U+0170 (decimal 368)
   defining Unicode char U+0171 (decimal 369)
   defining Unicode char U+0178 (decimal 376)
   defining Unicode char U+0179 (decimal 377)
   defining Unicode char U+017A (decimal 378)
   defining Unicode char U+017B (decimal 379)
   defining Unicode char U+017C (decimal 380)
   defining Unicode char U+017D (decimal 381)
   defining Unicode char U+017E (decimal 382)
   defining Unicode char U+200C (decimal 8204)
   defining Unicode char U+2013 (decimal 8211)
   defining Unicode char U+2014 (decimal 8212)
   defining Unicode char U+2018 (decimal 8216)
   defining Unicode char U+2019 (decimal 8217)
   defining Unicode char U+201A (decimal 8218)
   defining Unicode char U+201C (decimal 8220)
   defining Unicode char U+201D (decimal 8221)
   defining Unicode char U+201E (decimal 8222)
   defining Unicode char U+2030 (decimal 8240)
   defining Unicode char U+2031 (decimal 8241)
   defining Unicode char U+2039 (decimal 8249)
   defining Unicode char U+203A (decimal 8250)
   defining Unicode char U+2423 (decimal 9251)
)
Now handling font encoding OT1 ...
... processing UTF-8 mapping file for font encoding OT1
(/usr/local/texlive/2013/texmf-dist/tex/latex/base/ot1enc.dfu
File: ot1enc.dfu 2008/04/05 v1.1m UTF-8 support for inputenc
   defining Unicode char U+00A1 (decimal 161)
   defining Unicode char U+00A3 (decimal 163)
   defining Unicode char U+00B8 (decimal 184)
   defining Unicode char U+00BF (decimal 191)
   defining Unicode char U+00C5 (decimal 197)
   defining Unicode char U+00C6 (decimal 198)
   defining Unicode char U+00D8 (decimal 216)
   defining Unicode char U+00DF (decimal 223)
   defining Unicode char U+00E6 (decimal 230)
   defining Unicode char U+00EC (decimal 236)
   defining Unicode char U+00ED (decimal 237)
   defining Unicode char U+00EE (decimal 238)
   defining Unicode char U+00EF (decimal 239)
   defining Unicode char U+00F8 (decimal 248)
   defining Unicode char U+0131 (decimal 305)
   defining Unicode char U+0141 (decimal 321)
   defining Unicode char U+0142 (decimal 322)
   defining Unicode char U+0152 (decimal 338)
   defining Unicode char U+0153 (decimal 339)
   defining Unicode char U+2013 (decimal 8211)
   defining Unicode char U+2014 (decimal 8212)
   defining Unicode char U+2018 (decimal 8216)
   defining Unicode char U+2019 (decimal 8217)
   defining Unicode char U+201C (decimal 8220)
   defining Unicode char U+201D (decimal 8221)
)
Now handling font encoding OMS ...
... processing UTF-8 mapping file for font encoding OMS
(/usr/local/texlive/2013/texmf-dist/tex/latex/base/omsenc.dfu
File: omsenc.dfu 2008/04/05 v1.1m UTF-8 support for inputenc
   defining Unicode char U+00A7 (decimal 167)
   defining Unicode char U+00B6 (decimal 182)
   defining Unicode char U+00B7 (decimal 183)
   defining Unicode char U+2020 (decimal 8224)
   defining Unicode char U+2021 (decimal 8225)
   defining Unicode char U+2022 (decimal 8226)
)
Now handling font encoding OMX ...
... no UTF-8 mapping file for font encoding OMX
Now handling font encoding U ...
... no UTF-8 mapping file for font encoding U
   defining Unicode char U+00A9 (decimal 169)
   defining Unicode char U+00AA (decimal 170)
   defining Unicode char U+00AE (decimal 174)
   defining Unicode char U+00BA (decimal 186)
   defining Unicode char U+02C6 (decimal 710)
   defining Unicode char U+02DC (decimal 732)
   defining Unicode char U+200C (decimal 8204)
   defining Unicode char U+2026 (decimal 8230)
   defining Unicode char U+2122 (decimal 8482)
   defining Unicode char U+2423 (decimal 9251)
))
   defining Unicode char U+00A0 (decimal 160)
(/usr/local/texlive/2013/texmf-dist/tex/latex/cmap/cmap.sty
Package: cmap 2008/03/06 v1.0h CMap support: searchable PDF
) (/usr/local/texlive/2013/texmf-dist/tex/generic/babel/babel.sty
Package: babel 2013/05/16 v3.9f The Babel package
(/usr/local/texlive/2013/texmf-dist/tex/generic/babel-english/english.ldf
Language: english 2012/08/20 v3.3p English support from the babel system
(/usr/local/texlive/2013/texmf-dist/tex/generic/babel/babel.def
File: babel.def 2013/05/16 v3.9f Babel common definitions
\babel@savecnt=\count90
\U@D=\dimen103
)
\l@canadian = a dialect from \language\l@american 
\l@australian = a dialect from \language\l@british 
\l@newzealand = a dialect from \language\l@british 
)) (/usr/local/texlive/2013/texmf-dist/tex/latex/tools/longtable.sty
Package: longtable 2004/02/01 v4.11 Multi-page Table package (DPC)
\LTleft=\skip43
\LTright=\skip44
\LTpre=\skip45
\LTpost=\skip46
\LTchunksize=\count91
\LTcapwidth=\dimen104
\LT@head=\box26
\LT@firsthead=\box27
\LT@foot=\box28
\LT@lastfoot=\box29
\LT@cols=\count92
\LT@rows=\count93
\c@LT@tables=\count94
\c@LT@chunks=\count95
\LT@p@ftn=\toks18
) (/usr/local/texlive/2013/texmf-dist/tex/latex/multirow/multirow.sty
\bigstrutjot=\dimen105
) (./preamble._tex (/usr/local/texlive/2013/texmf-dist/tex/latex/graphics/graph
icx.sty
Package: graphicx 1999/02/16 v1.0f Enhanced LaTeX Graphics (DPC,SPQR)
(/usr/local/texlive/2013/texmf-dist/tex/latex/graphics/graphics.sty
Package: graphics 2009/02/05 v1.0o Standard LaTeX Graphics (DPC,SPQR)
(/usr/local/texlive/2013/texmf-dist/tex/latex/graphics/trig.sty
Package: trig 1999/03/16 v1.09 sin cos tan (DPC)
) (/usr/local/texlive/2013/texmf-dist/tex/latex/latexconfig/graphics.cfg
File: graphics.cfg 2010/04/23 v1.9 graphics configuration of TeX Live
)
Package graphics Info: Driver file: pdftex.def on input line 91.
(/usr/local/texlive/2013/texmf-dist/tex/latex/pdftex-def/pdftex.def
File: pdftex.def 2011/05/27 v0.06d Graphics/color for pdfTeX
(/usr/local/texlive/2013/texmf-dist/tex/generic/oberdiek/infwarerr.sty
Package: infwarerr 2010/04/08 v1.3 Providing info/warning/error messages (HO)
) (/usr/local/texlive/2013/texmf-dist/tex/generic/oberdiek/ltxcmds.sty
Package: ltxcmds 2011/11/09 v1.22 LaTeX kernel commands for general use (HO)
)
\Gread@gobject=\count96
))
\Gin@req@height=\dimen106
\Gin@req@width=\dimen107
) (/usr/local/texlive/2013/texmf-dist/tex/latex/tools/verbatim.sty
Package: verbatim 2003/08/22 v1.5q LaTeX2e package for verbatim enhancements
\every@verbatim=\toks19
\verbatim@line=\toks20
\verbatim@in@stream=\read1
) (/usr/local/texlive/2013/texmf-dist/tex/latex/natbib/natbib.sty
Package: natbib 2010/09/13 8.31b (PWD, AO)
\bibhang=\skip47
\bibsep=\skip48
LaTeX Info: Redefining \cite on input line 694.
\c@NAT@ctr=\count97
) (/usr/local/texlive/2013/texmf-dist/tex/latex/enumitem/enumitem.sty
Package: enumitem 2011/09/28 v3.5.2 Customized lists
\enitkv@toks@=\toks21
\labelindent=\skip49
\enit@outerparindent=\dimen108
\enit@toks=\toks22
\enit@inbox=\box30
\enitdp@description=\count98
) (/usr/local/texlive/2013/texmf-dist/tex/latex/caption/subcaption.sty
Package: subcaption 2013/02/03 v1.1-62 Sub-captions (AR)
(/usr/local/texlive/2013/texmf-dist/tex/latex/caption/caption.sty
Package: caption 2013/05/02 v3.3-89 Customizing captions (AR)
(/usr/local/texlive/2013/texmf-dist/tex/latex/caption/caption3.sty
Package: caption3 2013/05/02 v1.6-88 caption3 kernel (AR)
Package caption3 Info: TeX engine: e-TeX on input line 57.
\captionmargin=\dimen109
\captionmargin@=\dimen110
\captionwidth=\dimen111
\caption@tempdima=\dimen112
\caption@indent=\dimen113
\caption@parindent=\dimen114
\caption@hangindent=\dimen115
)
\c@ContinuedFloat=\count99
Package caption Info: longtable package is loaded.
(/usr/local/texlive/2013/texmf-dist/tex/latex/caption/ltcaption.sty
Package: ltcaption 2013/02/03 v1.3-62 longtable captions (AR)
))
\c@subfigure=\count100
\c@subtable=\count101
) (/usr/local/texlive/2013/texmf-dist/tex/latex/listings/listings.sty
\lst@mode=\count102
\lst@gtempboxa=\box31
\lst@token=\toks23
\lst@length=\count103
\lst@currlwidth=\dimen116
\lst@column=\count104
\lst@pos=\count105
\lst@lostspace=\dimen117
\lst@width=\dimen118
\lst@newlines=\count106
\lst@lineno=\count107
\lst@maxwidth=\dimen119
(/usr/local/texlive/2013/texmf-dist/tex/latex/listings/lstmisc.sty
File: lstmisc.sty 2007/02/22 1.4 (Carsten Heinz)
\c@lstnumber=\count108
\lst@skipnumbers=\count109
\lst@framebox=\box32
) (/usr/local/texlive/2013/texmf-dist/tex/latex/listings/listings.cfg
File: listings.cfg 2007/02/22 1.4 listings configuration
))
Package: listings 2007/02/22 1.4 (Carsten Heinz)
(/usr/local/texlive/2013/texmf-dist/tex/latex/inconsolata/inconsolata.sty
Package: inconsolata 2009/11/28 Inconsolata
(/usr/local/texlive/2013/texmf-dist/tex/latex/base/textcomp.sty
Package: textcomp 2005/09/27 v1.99g Standard LaTeX package
Package textcomp Info: Sub-encoding information:
(textcomp)               5 = only ISO-Adobe without \textcurrency
(textcomp)               4 = 5 + \texteuro
(textcomp)               3 = 4 + \textohm
(textcomp)               2 = 3 + \textestimated + \textcurrency
(textcomp)               1 = TS1 - \textcircled - \t
(textcomp)               0 = TS1 (full)
(textcomp)             Font families with sub-encoding setting implement
(textcomp)             only a restricted character set as indicated.
(textcomp)             Family '?' is the default used for unknown fonts.
(textcomp)             See the documentation for details.
Package textcomp Info: Setting ? sub-encoding to TS1/1 on input line 71.
(/usr/local/texlive/2013/texmf-dist/tex/latex/base/ts1enc.def
File: ts1enc.def 2001/06/05 v3.0e (jk/car/fm) Standard LaTeX file
Now handling font encoding TS1 ...
... processing UTF-8 mapping file for font encoding TS1
(/usr/local/texlive/2013/texmf-dist/tex/latex/base/ts1enc.dfu
File: ts1enc.dfu 2008/04/05 v1.1m UTF-8 support for inputenc
   defining Unicode char U+00A2 (decimal 162)
   defining Unicode char U+00A3 (decimal 163)
   defining Unicode char U+00A4 (decimal 164)
   defining Unicode char U+00A5 (decimal 165)
   defining Unicode char U+00A6 (decimal 166)
   defining Unicode char U+00A7 (decimal 167)
   defining Unicode char U+00A8 (decimal 168)
   defining Unicode char U+00A9 (decimal 169)
   defining Unicode char U+00AA (decimal 170)
   defining Unicode char U+00AC (decimal 172)
   defining Unicode char U+00AE (decimal 174)
   defining Unicode char U+00AF (decimal 175)
   defining Unicode char U+00B0 (decimal 176)
   defining Unicode char U+00B1 (decimal 177)
   defining Unicode char U+00B2 (decimal 178)
   defining Unicode char U+00B3 (decimal 179)
   defining Unicode char U+00B4 (decimal 180)
   defining Unicode char U+00B5 (decimal 181)
   defining Unicode char U+00B6 (decimal 182)
   defining Unicode char U+00B7 (decimal 183)
   defining Unicode char U+00B9 (decimal 185)
   defining Unicode char U+00BA (decimal 186)
   defining Unicode char U+00BC (decimal 188)
   defining Unicode char U+00BD (decimal 189)
   defining Unicode char U+00BE (decimal 190)
   defining Unicode char U+00D7 (decimal 215)
   defining Unicode char U+00F7 (decimal 247)
   defining Unicode char U+0192 (decimal 402)
   defining Unicode char U+02C7 (decimal 711)
   defining Unicode char U+02D8 (decimal 728)
   defining Unicode char U+02DD (decimal 733)
   defining Unicode char U+0E3F (decimal 3647)
   defining Unicode char U+2016 (decimal 8214)
   defining Unicode char U+2020 (decimal 8224)
   defining Unicode char U+2021 (decimal 8225)
   defining Unicode char U+2022 (decimal 8226)
   defining Unicode char U+2030 (decimal 8240)
   defining Unicode char U+2031 (decimal 8241)
   defining Unicode char U+203B (decimal 8251)
   defining Unicode char U+203D (decimal 8253)
   defining Unicode char U+2044 (decimal 8260)
   defining Unicode char U+204E (decimal 8270)
   defining Unicode char U+2052 (decimal 8274)
   defining Unicode char U+20A1 (decimal 8353)
   defining Unicode char U+20A4 (decimal 8356)
   defining Unicode char U+20A6 (decimal 8358)
   defining Unicode char U+20A9 (decimal 8361)
   defining Unicode char U+20AB (decimal 8363)
   defining Unicode char U+20AC (decimal 8364)
   defining Unicode char U+20B1 (decimal 8369)
   defining Unicode char U+2103 (decimal 8451)
   defining Unicode char U+2116 (decimal 8470)
   defining Unicode char U+2117 (decimal 8471)
   defining Unicode char U+211E (decimal 8478)
   defining Unicode char U+2120 (decimal 8480)
   defining Unicode char U+2122 (decimal 8482)
   defining Unicode char U+2126 (decimal 8486)
   defining Unicode char U+2127 (decimal 8487)
   defining Unicode char U+212E (decimal 8494)
   defining Unicode char U+2190 (decimal 8592)
   defining Unicode char U+2191 (decimal 8593)
   defining Unicode char U+2192 (decimal 8594)
   defining Unicode char U+2193 (decimal 8595)
   defining Unicode char U+2329 (decimal 9001)
   defining Unicode char U+232A (decimal 9002)
   defining Unicode char U+2422 (decimal 9250)
   defining Unicode char U+25E6 (decimal 9702)
   defining Unicode char U+25EF (decimal 9711)
   defining Unicode char U+266A (decimal 9834)
))
LaTeX Info: Redefining \oldstylenums on input line 266.
Package textcomp Info: Setting cmr sub-encoding to TS1/0 on input line 281.
Package textcomp Info: Setting cmss sub-encoding to TS1/0 on input line 282.
Package textcomp Info: Setting cmtt sub-encoding to TS1/0 on input line 283.
Package textcomp Info: Setting cmvtt sub-encoding to TS1/0 on input line 284.
Package textcomp Info: Setting cmbr sub-encoding to TS1/0 on input line 285.
Package textcomp Info: Setting cmtl sub-encoding to TS1/0 on input line 286.
Package textcomp Info: Setting ccr sub-encoding to TS1/0 on input line 287.
Package textcomp Info: Setting ptm sub-encoding to TS1/4 on input line 288.
Package textcomp Info: Setting pcr sub-encoding to TS1/4 on input line 289.
Package textcomp Info: Setting phv sub-encoding to TS1/4 on input line 290.
Package textcomp Info: Setting ppl sub-encoding to TS1/3 on input line 291.
Package textcomp Info: Setting pag sub-encoding to TS1/4 on input line 292.
Package textcomp Info: Setting pbk sub-encoding to TS1/4 on input line 293.
Package textcomp Info: Setting pnc sub-encoding to TS1/4 on input line 294.
Package textcomp Info: Setting pzc sub-encoding to TS1/4 on input line 295.
Package textcomp Info: Setting bch sub-encoding to TS1/4 on input line 296.
Package textcomp Info: Setting put sub-encoding to TS1/5 on input line 297.
Package textcomp Info: Setting uag sub-encoding to TS1/5 on input line 298.
Package textcomp Info: Setting ugq sub-encoding to TS1/5 on input line 299.
Package textcomp Info: Setting ul8 sub-encoding to TS1/4 on input line 300.
Package textcomp Info: Setting ul9 sub-encoding to TS1/4 on input line 301.
Package textcomp Info: Setting augie sub-encoding to TS1/5 on input line 302.
Package textcomp Info: Setting dayrom sub-encoding to TS1/3 on input line 303.
Package textcomp Info: Setting dayroms sub-encoding to TS1/3 on input line 304.

Package textcomp Info: Setting pxr sub-encoding to TS1/0 on input line 305.
Package textcomp Info: Setting pxss sub-encoding to TS1/0 on input line 306.
Package textcomp Info: Setting pxtt sub-encoding to TS1/0 on input line 307.
Package textcomp Info: Setting txr sub-encoding to TS1/0 on input line 308.
Package textcomp Info: Setting txss sub-encoding to TS1/0 on input line 309.
Package textcomp Info: Setting txtt sub-encoding to TS1/0 on input line 310.
Package textcomp Info: Setting lmr sub-encoding to TS1/0 on input line 311.
Package textcomp Info: Setting lmdh sub-encoding to TS1/0 on input line 312.
Package textcomp Info: Setting lmss sub-encoding to TS1/0 on input line 313.
Package textcomp Info: Setting lmssq sub-encoding to TS1/0 on input line 314.
Package textcomp Info: Setting lmvtt sub-encoding to TS1/0 on input line 315.
Package textcomp Info: Setting qhv sub-encoding to TS1/0 on input line 316.
Package textcomp Info: Setting qag sub-encoding to TS1/0 on input line 317.
Package textcomp Info: Setting qbk sub-encoding to TS1/0 on input line 318.
Package textcomp Info: Setting qcr sub-encoding to TS1/0 on input line 319.
Package textcomp Info: Setting qcs sub-encoding to TS1/0 on input line 320.
Package textcomp Info: Setting qpl sub-encoding to TS1/0 on input line 321.
Package textcomp Info: Setting qtm sub-encoding to TS1/0 on input line 322.
Package textcomp Info: Setting qzc sub-encoding to TS1/0 on input line 323.
Package textcomp Info: Setting qhvc sub-encoding to TS1/0 on input line 324.
Package textcomp Info: Setting futs sub-encoding to TS1/4 on input line 325.
Package textcomp Info: Setting futx sub-encoding to TS1/4 on input line 326.
Package textcomp Info: Setting futj sub-encoding to TS1/4 on input line 327.
Package textcomp Info: Setting hlh sub-encoding to TS1/3 on input line 328.
Package textcomp Info: Setting hls sub-encoding to TS1/3 on input line 329.
Package textcomp Info: Setting hlst sub-encoding to TS1/3 on input line 330.
Package textcomp Info: Setting hlct sub-encoding to TS1/5 on input line 331.
Package textcomp Info: Setting hlx sub-encoding to TS1/5 on input line 332.
Package textcomp Info: Setting hlce sub-encoding to TS1/5 on input line 333.
Package textcomp Info: Setting hlcn sub-encoding to TS1/5 on input line 334.
Package textcomp Info: Setting hlcw sub-encoding to TS1/5 on input line 335.
Package textcomp Info: Setting hlcf sub-encoding to TS1/5 on input line 336.
Package textcomp Info: Setting pplx sub-encoding to TS1/3 on input line 337.
Package textcomp Info: Setting pplj sub-encoding to TS1/3 on input line 338.
Package textcomp Info: Setting ptmx sub-encoding to TS1/4 on input line 339.
Package textcomp Info: Setting ptmj sub-encoding to TS1/4 on input line 340.
)) (/usr/local/texlive/2013/texmf-dist/tex/latex/graphics/color.sty
Package: color 2005/11/14 v1.0j Standard LaTeX Color (DPC)
(/usr/local/texlive/2013/texmf-dist/tex/latex/latexconfig/color.cfg
File: color.cfg 2007/01/18 v1.5 color configuration of teTeX/TeXLive
)
Package color Info: Driver file: pdftex.def on input line 130.
) (/usr/local/texlive/2013/texmf-dist/tex/latex/booktabs/booktabs.sty
Package: booktabs 2005/04/14 v1.61803 publication quality tables
\heavyrulewidth=\dimen120
\lightrulewidth=\dimen121
\cmidrulewidth=\dimen122
\belowrulesep=\dimen123
\belowbottomsep=\dimen124
\aboverulesep=\dimen125
\abovetopsep=\dimen126
\cmidrulesep=\dimen127
\cmidrulekern=\dimen128
\defaultaddspace=\dimen129
\@cmidla=\count110
\@cmidlb=\count111
\@aboverulesep=\dimen130
\@belowrulesep=\dimen131
\@thisruleclass=\count112
\@lastruleclass=\count113
\@thisrulewidth=\dimen132
) (/usr/local/texlive/2013/texmf-dist/tex/latex/tools/array.sty
Package: array 2008/09/09 v2.4c Tabular extension package (FMi)
\col@sep=\dimen133
\extrarowheight=\dimen134
\NC@list=\toks24
\extratabsurround=\skip50
\backup@length=\skip51
) (/usr/local/texlive/2013/texmf-dist/tex/latex/hyperref/hyperref.sty
Package: hyperref 2012/11/06 v6.83m Hypertext links for LaTeX
(/usr/local/texlive/2013/texmf-dist/tex/generic/oberdiek/hobsub-hyperref.sty
Package: hobsub-hyperref 2012/05/28 v1.13 Bundle oberdiek, subset hyperref (HO)

(/usr/local/texlive/2013/texmf-dist/tex/generic/oberdiek/hobsub-generic.sty
Package: hobsub-generic 2012/05/28 v1.13 Bundle oberdiek, subset generic (HO)
Package: hobsub 2012/05/28 v1.13 Construct package bundles (HO)
Package hobsub Info: Skipping package `infwarerr' (already loaded).
Package hobsub Info: Skipping package `ltxcmds' (already loaded).
Package: ifluatex 2010/03/01 v1.3 Provides the ifluatex switch (HO)
Package ifluatex Info: LuaTeX not detected.
Package: ifvtex 2010/03/01 v1.5 Detect VTeX and its facilities (HO)
Package ifvtex Info: VTeX not detected.
Package: intcalc 2007/09/27 v1.1 Expandable calculations with integers (HO)
Package: ifpdf 2011/01/30 v2.3 Provides the ifpdf switch (HO)
Package ifpdf Info: pdfTeX in PDF mode is detected.
Package: etexcmds 2011/02/16 v1.5 Avoid name clashes with e-TeX commands (HO)
Package etexcmds Info: Could not find \expanded.
(etexcmds)             That can mean that you are not using pdfTeX 1.50 or
(etexcmds)             that some package has redefined \expanded.
(etexcmds)             In the latter case, load this package earlier.
Package: kvsetkeys 2012/04/25 v1.16 Key value parser (HO)
Package: kvdefinekeys 2011/04/07 v1.3 Define keys (HO)
Package: pdftexcmds 2011/11/29 v0.20 Utility functions of pdfTeX for LuaTeX (HO
)
Package pdftexcmds Info: LuaTeX not detected.
Package pdftexcmds Info: \pdf@primitive is available.
Package pdftexcmds Info: \pdf@ifprimitive is available.
Package pdftexcmds Info: \pdfdraftmode found.
Package: pdfescape 2011/11/25 v1.13 Implements pdfTeX's escape features (HO)
Package: bigintcalc 2012/04/08 v1.3 Expandable calculations on big integers (HO
)
Package: bitset 2011/01/30 v1.1 Handle bit-vector datatype (HO)
Package: uniquecounter 2011/01/30 v1.2 Provide unlimited unique counter (HO)
)
Package hobsub Info: Skipping package `hobsub' (already loaded).
Package: letltxmacro 2010/09/02 v1.4 Let assignment for LaTeX macros (HO)
Package: hopatch 2012/05/28 v1.2 Wrapper for package hooks (HO)
Package: xcolor-patch 2011/01/30 xcolor patch
Package: atveryend 2011/06/30 v1.8 Hooks at the very end of document (HO)
Package atveryend Info: \enddocument detected (standard20110627).
Package: atbegshi 2011/10/05 v1.16 At begin shipout hook (HO)
Package: refcount 2011/10/16 v3.4 Data extraction from label references (HO)
Package: hycolor 2011/01/30 v1.7 Color options for hyperref/bookmark (HO)
) (/usr/local/texlive/2013/texmf-dist/tex/generic/ifxetex/ifxetex.sty
Package: ifxetex 2010/09/12 v0.6 Provides ifxetex conditional
) (/usr/local/texlive/2013/texmf-dist/tex/latex/oberdiek/auxhook.sty
Package: auxhook 2011/03/04 v1.3 Hooks for auxiliary files (HO)
) (/usr/local/texlive/2013/texmf-dist/tex/latex/oberdiek/kvoptions.sty
Package: kvoptions 2011/06/30 v3.11 Key value format for package options (HO)
)
\@linkdim=\dimen135
\Hy@linkcounter=\count114
\Hy@pagecounter=\count115
(/usr/local/texlive/2013/texmf-dist/tex/latex/hyperref/pd1enc.def
File: pd1enc.def 2012/11/06 v6.83m Hyperref: PDFDocEncoding definition (HO)
Now handling font encoding PD1 ...
... no UTF-8 mapping file for font encoding PD1
)
\Hy@SavedSpaceFactor=\count116
(/usr/local/texlive/2013/texmf-dist/tex/latex/latexconfig/hyperref.cfg
File: hyperref.cfg 2002/06/06 v1.2 hyperref configuration of TeXLive
)
Package hyperref Info: Hyper figures OFF on input line 4443.
Package hyperref Info: Link nesting OFF on input line 4448.
Package hyperref Info: Hyper index ON on input line 4451.
Package hyperref Info: Plain pages OFF on input line 4458.
Package hyperref Info: Backreferencing OFF on input line 4463.
Package hyperref Info: Implicit mode ON; LaTeX internals redefined.
Package hyperref Info: Bookmarks ON on input line 4688.
\c@Hy@tempcnt=\count117
(/usr/local/texlive/2013/texmf-dist/tex/latex/url/url.sty
\Urlmuskip=\muskip10
Package: url 2006/04/12  ver 3.3  Verb mode for urls, etc.
)
LaTeX Info: Redefining \url on input line 5041.
\XeTeXLinkMargin=\dimen136
\Fld@menulength=\count118
\Field@Width=\dimen137
\Fld@charsize=\dimen138
Package hyperref Info: Hyper figures OFF on input line 6295.
Package hyperref Info: Link nesting OFF on input line 6300.
Package hyperref Info: Hyper index ON on input line 6303.
Package hyperref Info: backreferencing OFF on input line 6310.
Package hyperref Info: Link coloring OFF on input line 6315.
Package hyperref Info: Link coloring with OCG OFF on input line 6320.
Package hyperref Info: PDF/A mode OFF on input line 6325.
LaTeX Info: Redefining \ref on input line 6365.
LaTeX Info: Redefining \pageref on input line 6369.
\Hy@abspage=\count119
\c@Item=\count120
\c@Hfootnote=\count121
)

Package hyperref Message: Driver (autodetected): hpdftex.

(/usr/local/texlive/2013/texmf-dist/tex/latex/hyperref/hpdftex.def
File: hpdftex.def 2012/11/06 v6.83m Hyperref driver for pdfTeX
\Fld@listcount=\count122
\c@bookmark@seq@number=\count123
(/usr/local/texlive/2013/texmf-dist/tex/latex/oberdiek/rerunfilecheck.sty
Package: rerunfilecheck 2011/04/15 v1.7 Rerun checks for auxiliary files (HO)
Package uniquecounter Info: New unique counter `rerunfilecheck' on input line 2
82.
)
\Hy@SectionHShift=\skip52
)
Package hyperref Info: Option `bookmarksnumbered' set `true' on input line 119.

) (./sphinx.sty
Package: sphinx 2010/01/15 LaTeX package (Sphinx markup)
(/usr/local/texlive/2013/texmf-dist/tex/latex/fancybox/fancybox.sty
Package: fancybox 2010/05/15 1.4
Style option: `fancybox' v1.4 <2010/05/15> (tvz)
\@fancybox=\box33
\shadowsize=\dimen139
\@Sbox=\box34
\do@VerbBox=\toks25
\the@fancyput=\toks26
\this@fancyput=\toks27
\EndVerbatimTokens=\toks28
\Verbatim@Outfile=\write3
\Verbatim@Infile=\read2
) (./tabulary.sty
Package: tabulary 2007/10/02 v0.9 tabulary package (DPC)
\TY@count=\count124
\TY@linewidth=\dimen140
\tymin=\dimen141
\tymax=\dimen142
\TY@tablewidth=\dimen143
) (/usr/local/texlive/2013/texmf-dist/tex/latex/amsmath/amsmath.sty
Package: amsmath 2013/01/14 v2.14 AMS math features
\@mathmargin=\skip53
For additional information on amsmath, use the `?' option.
(/usr/local/texlive/2013/texmf-dist/tex/latex/amsmath/amstext.sty
Package: amstext 2000/06/29 v2.01
(/usr/local/texlive/2013/texmf-dist/tex/latex/amsmath/amsgen.sty
File: amsgen.sty 1999/11/30 v2.0
\@emptytoks=\toks29
\ex@=\dimen144
)) (/usr/local/texlive/2013/texmf-dist/tex/latex/amsmath/amsbsy.sty
Package: amsbsy 1999/11/29 v1.2d
\pmbraise@=\dimen145
) (/usr/local/texlive/2013/texmf-dist/tex/latex/amsmath/amsopn.sty
Package: amsopn 1999/12/14 v2.01 operator names
)
\inf@bad=\count125
LaTeX Info: Redefining \frac on input line 210.
\uproot@=\count126
\leftroot@=\count127
LaTeX Info: Redefining \overline on input line 306.
\classnum@=\count128
\DOTSCASE@=\count129
LaTeX Info: Redefining \ldots on input line 378.
LaTeX Info: Redefining \dots on input line 381.
LaTeX Info: Redefining \cdots on input line 466.
\Mathstrutbox@=\box35
\strutbox@=\box36
\big@size=\dimen146
LaTeX Font Info:    Redeclaring font encoding OML on input line 566.
LaTeX Font Info:    Redeclaring font encoding OMS on input line 567.
\macc@depth=\count130
\c@MaxMatrixCols=\count131
\dotsspace@=\muskip11
\c@parentequation=\count132
\dspbrk@lvl=\count133
\tag@help=\toks30
\row@=\count134
\column@=\count135
\maxfields@=\count136
\andhelp@=\toks31
\eqnshift@=\dimen147
\alignsep@=\dimen148
\tagshift@=\dimen149
\tagwidth@=\dimen150
\totwidth@=\dimen151
\lineht@=\dimen152
\@envbody=\toks32
\multlinegap=\skip54
\multlinetaggap=\skip55
\mathdisplay@stack=\toks33
LaTeX Info: Redefining \[ on input line 2665.
LaTeX Info: Redefining \] on input line 2666.
) (/usr/local/texlive/2013/texmf-dist/tex/latex/framed/framed.sty
Package: framed 2011/10/22 v 0.96: framed or shaded text with page breaks
\OuterFrameSep=\skip56
\fb@frw=\dimen153
\fb@frh=\dimen154
\FrameRule=\dimen155
\FrameSep=\dimen156
) (/usr/local/texlive/2013/texmf-dist/tex/latex/fancyvrb/fancyvrb.sty
Package: fancyvrb 2008/02/07

Style option: `fancyvrb' v2.7a, with DG/SPQR fixes, and firstline=lastline fix 
<2008/02/07> (tvz)
\FV@CodeLineNo=\count137
\FV@InFile=\read3
\FV@TabBox=\box37
\c@FancyVerbLine=\count138
\FV@StepNumber=\count139
\FV@OutFile=\write4
)
(/usr/local/texlive/2013/texmf-dist/tex/latex/threeparttable/threeparttable.sty
Package: threeparttable 2003/06/13  v 3.0
\@tempboxb=\box38
) (/usr/local/texlive/2013/texmf-dist/tex/latex/mdwtools/footnote.sty
Package: footnote 1997/01/28 1.13 Save footnotes around boxes
\fn@notes=\box39
\fn@width=\dimen157
) (/usr/local/texlive/2013/texmf-dist/tex/latex/wrapfig/wrapfig.sty
\wrapoverhang=\dimen158
\WF@size=\dimen159
\c@WF@wrappedlines=\count140
\WF@box=\box40
\WF@everypar=\toks34
Package: wrapfig 2003/01/31  v 3.6
) (/usr/local/texlive/2013/texmf-dist/tex/latex/parskip/parskip.sty
Package: parskip 2001/04/09 non-zero parskip adjustments
)
\distancetoright=\skip57
\py@noticelength=\skip58
(/usr/local/texlive/2013/texmf-dist/tex/latex/oberdiek/hypcap.sty
Package: hypcap 2011/02/16 v1.11 Adjusting the anchors of captions (HO)
)
\DUlineblockindent=\skip59
)
\@indexfile=\write5
\openout5 = `thesis.idx'.

Writing index file thesis.idx
(./thesis.aux

LaTeX Warning: Label `ch-background/index:fig-background-consumer-bcis-images' 
multiply defined.


LaTeX Warning: Label `ch-experiment/index:table-experiment-headset-latin-square
' multiply defined.


LaTeX Warning: Label `ch-experiment/index:table-experiment-final-relaxed-comfor
t' multiply defined.


LaTeX Warning: Label `ch-experiment/index:fig-final-experiment-recording-13' mu
ltiply defined.


LaTeX Warning: Label `ch-evaluation/index:table-logged-data-avg-alpha-baseline-
per-user' multiply defined.

)
\openout1 = `thesis.aux'.

LaTeX Font Info:    Checking defaults for OML/cmm/m/it on input line 121.
LaTeX Font Info:    ... okay on input line 121.
LaTeX Font Info:    Checking defaults for T1/cmr/m/n on input line 121.
LaTeX Font Info:    ... okay on input line 121.
LaTeX Font Info:    Checking defaults for OT1/cmr/m/n on input line 121.
LaTeX Font Info:    ... okay on input line 121.
LaTeX Font Info:    Checking defaults for OMS/cmsy/m/n on input line 121.
LaTeX Font Info:    ... okay on input line 121.
LaTeX Font Info:    Checking defaults for OMX/cmex/m/n on input line 121.
LaTeX Font Info:    ... okay on input line 121.
LaTeX Font Info:    Checking defaults for U/cmr/m/n on input line 121.
LaTeX Font Info:    ... okay on input line 121.
LaTeX Font Info:    Checking defaults for TS1/cmr/m/n on input line 121.
LaTeX Font Info:    Try loading font information for TS1+cmr on input line 121.

(/usr/local/texlive/2013/texmf-dist/tex/latex/base/ts1cmr.fd
File: ts1cmr.fd 1999/05/25 v2.5h Standard LaTeX font definitions
)
LaTeX Font Info:    ... okay on input line 121.
LaTeX Font Info:    Checking defaults for PD1/pdf/m/n on input line 121.
LaTeX Font Info:    ... okay on input line 121.
(/usr/local/texlive/2013/texmf-dist/tex/context/base/supp-pdf.mkii
[Loading MPS to PDF converter (version 2006.09.02).]
\scratchcounter=\count141
\scratchdimen=\dimen160
\scratchbox=\box41
\nofMPsegments=\count142
\nofMParguments=\count143
\everyMPshowfont=\toks35
\MPscratchCnt=\count144
\MPscratchDim=\dimen161
\MPnumerator=\count145
\makeMPintoPDFobject=\count146
\everyMPtoPDFconversion=\toks36
) (/usr/local/texlive/2013/texmf-dist/tex/latex/oberdiek/epstopdf-base.sty
Package: epstopdf-base 2010/02/09 v2.5 Base part for package epstopdf
(/usr/local/texlive/2013/texmf-dist/tex/latex/oberdiek/grfext.sty
Package: grfext 2010/08/19 v1.1 Manage graphics extensions (HO)
)
Package grfext Info: Graphics extension search list:
(grfext)             [.png,.pdf,.jpg,.mps,.jpeg,.jbig2,.jb2,.PNG,.PDF,.JPG,.JPE
G,.JBIG2,.JB2,.eps]
(grfext)             \AppendGraphicsExtensions on input line 452.
(/usr/local/texlive/2013/texmf-dist/tex/latex/latexconfig/epstopdf-sys.cfg
File: epstopdf-sys.cfg 2010/07/13 v1.3 Configuration of (r)epstopdf for TeX Liv
e
))
Package caption Info: Begin \AtBeginDocument code.
Package caption Info: hyperref package is loaded.
Package caption Info: hypcap package is loaded.
Package caption Info: listings package is loaded.
Package caption Info: threeparttable package is loaded.
Package caption Info: wrapfig package is loaded.
Package caption Info: End \AtBeginDocument code.
\c@lstlisting=\count147
\AtBeginShipoutBox=\box42
Package hyperref Info: Link coloring OFF on input line 121.
(/usr/local/texlive/2013/texmf-dist/tex/latex/hyperref/nameref.sty
Package: nameref 2012/10/27 v2.43 Cross-referencing by name of section
(/usr/local/texlive/2013/texmf-dist/tex/generic/oberdiek/gettitlestring.sty
Package: gettitlestring 2010/12/03 v1.4 Cleanup title references (HO)
)
\c@section@level=\count148
)
LaTeX Info: Redefining \ref on input line 121.
LaTeX Info: Redefining \pageref on input line 121.
LaTeX Info: Redefining \nameref on input line 121.
(./thesis.out) (./thesis.out)
\@outlinefile=\write6
\openout6 = `thesis.out'.

<<ot1.cmap>> [1

{/usr/local/texlive/2013/texmf-var/fonts/map/pdftex/updmap/pdftex.map}]
LaTeX Font Info:    Font shape `U/ccicons/m/n' will be
(Font)              scaled to size 24.88pt on input line 123.
<<oml.cmap>><<oms.cmap>><<omx.cmap>>
LaTeX Font Info:    Try loading font information for OT1+fi4 on input line 123.

(/usr/local/texlive/2013/texmf-dist/tex/latex/inconsolata/ot1fi4.fd
File: ot1fi4.fd 2009/05/28 OT1/Inconsolata
)<<ot1tt.cmap>> [2

] (./abstract.inc) [3

] (./acknowledgements.inc) [4

] (./dedication.inc) [5

] (./thesis.toc [6


] [7])
\tf@toc=\write7
\openout7 = `thesis.toc'.

[8] (./thesis.lot)
\tf@lot=\write8
\openout8 = `thesis.lot'.

[9


] (./thesis.lof
Underfull \vbox (badness 1231) has occurred while \output is active []

[10


])
\tf@lof=\write9
\openout9 = `thesis.lof'.

[11]
Chapter 1.
<muse-headband-collage.png, id=400, 1162.3425pt x 407.5225pt>
File: muse-headband-collage.png Graphic file (type png)
<use muse-headband-collage.png>
Package pdftex.def Info: muse-headband-collage.png used on input line 158.
(pdftex.def)             Requested size: 346.89731pt x 121.62343pt.

Underfull \vbox (badness 5756) has occurred while \output is active []

[1



] [2 <./muse-headband-collage.png>] <triangulation.png, id=428, 748.7172pt x 31
3.17pt>
File: triangulation.png Graphic file (type png)
<use triangulation.png>
Package pdftex.def Info: triangulation.png used on input line 220.
(pdftex.def)             Requested size: 433.62pt x 181.37589pt.
[3 <./triangulation.png>] [4]
Chapter 2.
<eeg_wave_with_alpha.png, id=453, 1204.5pt x 100.375pt>
File: eeg_wave_with_alpha.png Graphic file (type png)
<use eeg_wave_with_alpha.png>
Package pdftex.def Info: eeg_wave_with_alpha.png used on input line 289.
(pdftex.def)             Requested size: 433.62pt x 36.13496pt.
[5

 <./eeg_wave_with_alpha.png (PNG copy)>] <gcap2_martin_pelle_collage.png, id=47
0, 1606.0pt x 803.0pt>
File: gcap2_martin_pelle_collage.png Graphic file (type png)
<use gcap2_martin_pelle_collage.png>
Package pdftex.def Info: gcap2_martin_pelle_collage.png used on input line 320.

(pdftex.def)             Requested size: 303.53267pt x 151.7629pt.
[6 <./gcap2_martin_pelle_collage.png>] <mindwave_eeg_raw.png, id=495, 561.7788p
t x 421.575pt>
File: mindwave_eeg_raw.png Graphic file (type png)
<use mindwave_eeg_raw.png>
Package pdftex.def Info: mindwave_eeg_raw.png used on input line 365.
(pdftex.def)             Requested size: 208.13574pt x 156.19258pt.
<mindwave_eeg_fft.png, id=496, 561.7788pt x 421.575pt>
File: mindwave_eeg_fft.png Graphic file (type png)
<use mindwave_eeg_fft.png>
Package pdftex.def Info: mindwave_eeg_fft.png used on input line 371.
(pdftex.def)             Requested size: 208.13574pt x 156.19258pt.
[7 <./mindwave_eeg_raw.png> <./mindwave_eeg_fft.png>]
Overfull \hbox (2.04735pt too wide) in paragraph at lines 391--393
[]\OT1/cmr/m/n/10 Frequency anal-y-sis is in-ter-est-ing due to the cor-re-la-t
ion be-tween fre-quen-cies and men-tal states [[]] [[]].
 []


Underfull \hbox (badness 4492) in paragraph at lines 477--477
[][][] []\OT1/cmr/m/n/8 http://ocz.com/consumer/company/newsroom/news/ocz-annou
nces-availability-of-vista-64-bit-drivers-for-the-
 []


Underfull \hbox (badness 10000) in paragraph at lines 500--500
[]|\OT1/cmss/m/n/10 MindWave
 []


Underfull \hbox (badness 10000) in paragraph at lines 506--507
[]|\OT1/cmss/m/n/10 Emotiv IN-
 []


Underfull \hbox (badness 10000) in paragraph at lines 545--546
[]|\OT1/cmr/m/n/10 AF3, AF4,
 []


Underfull \hbox (badness 10000) in paragraph at lines 547--549
[]|\OT1/cmr/m/n/10 AF3, AF4,
 []


Underfull \hbox (badness 10000) in paragraph at lines 593--594
[]|\OT1/cmr/m/n/10 6-8 hours
 []


Overfull \hbox (4.07133pt too wide) in paragraph at lines 621--623
[]|\OT1/cmr/m/n/10 Accelerometer,
 []


Overfull \hbox (1.29355pt too wide) in paragraph at lines 624--625
[]|\OT1/cmr/m/n/10 Accelerometer| 
 []


Overfull \hbox (4.07133pt too wide) in paragraph at lines 626--629
[]|\OT1/cmr/m/n/10 Accelerometer,
 []


Underfull \hbox (badness 10000) in paragraph at lines 626--629
\OT1/cmr/m/n/10 mag-ne-tome-
 []


Underfull \hbox (badness 10000) in paragraph at lines 632--633
[]|\OT1/cmr/m/n/10 OSX, Win-
 []


Underfull \hbox (badness 10000) in paragraph at lines 634--636
[]|\OT1/cmr/m/n/10 Android,
 []


Underfull \hbox (badness 10000) in paragraph at lines 634--636
\OT1/cmr/m/n/10 IOS, Win-
 []


Underfull \hbox (badness 4673) in paragraph at lines 637--638
[]|\OT1/cmr/m/n/10 Linux, Win-
 []


Underfull \hbox (badness 10000) in paragraph at lines 639--641
[]|\OT1/cmr/m/n/10 Android,
 []


Underfull \hbox (badness 10000) in paragraph at lines 639--641
\OT1/cmr/m/n/10 IOS, Linux,
 []


Underfull \hbox (badness 10000) in paragraph at lines 639--641
\OT1/cmr/m/n/10 Win-dows,
 []


Underfull \hbox (badness 10000) in paragraph at lines 642--645
[]|\OT1/cmr/m/n/10 Android,
 []


Underfull \hbox (badness 10000) in paragraph at lines 642--645
\OT1/cmr/m/n/10 IOS, Linux,
 []


Underfull \hbox (badness 10000) in paragraph at lines 642--645
\OT1/cmr/m/n/10 Win-dows,
 []


Overfull \hbox (19.96106pt too wide) in paragraph at lines 491--674
 [] 
 []

<bci-emotiv-epoc.jpg, id=528, 2382.9025pt x 1505.625pt>
File: bci-emotiv-epoc.jpg Graphic file (type jpg)
<use bci-emotiv-epoc.jpg>
Package pdftex.def Info: bci-emotiv-epoc.jpg used on input line 688.
(pdftex.def)             Requested size: 195.12767pt x 123.27826pt.
<bci-neurosky-mindwave-mobile.jpg, id=529, 2382.9025pt x 1505.625pt>
File: bci-neurosky-mindwave-mobile.jpg Graphic file (type jpg)
<use bci-neurosky-mindwave-mobile.jpg>
Package pdftex.def Info: bci-neurosky-mindwave-mobile.jpg used on input line 69
4.
(pdftex.def)             Requested size: 195.12767pt x 123.27826pt.
<bci-truesense-kit.jpg, id=530, 2382.9025pt x 1505.625pt>
File: bci-truesense-kit.jpg Graphic file (type jpg)
<use bci-truesense-kit.jpg>
Package pdftex.def Info: bci-truesense-kit.jpg used on input line 700.
(pdftex.def)             Requested size: 195.12767pt x 123.27826pt.
[8] [9] [10 <./bci-emotiv-epoc.jpg> <./bci-neurosky-mindwave-mobile.jpg> <./bci
-truesense-kit.jpg>] [11] [12]
Underfull \hbox (badness 10000) in paragraph at lines 871--871
[][][] []\OT1/cmr/m/n/8 http://www.indiegogo.com/projects/muse-the-brain-sensin
g-headband-that-lets-you-control-things-with-your-
 []

[13]
LaTeX Font Info:    Try loading font information for OML+cmr on input line 923.

(/usr/local/texlive/2013/texmf-dist/tex/latex/base/omlcmr.fd
File: omlcmr.fd 1999/05/25 v2.5h Standard LaTeX font definitions
)
LaTeX Font Info:    Font shape `OML/cmr/m/n' in size <10> not available
(Font)              Font shape `OML/cmm/m/it' tried instead on input line 923.
[14] [15] <mindball-game.jpg, id=709, 601.24625pt x 264.99pt>
File: mindball-game.jpg Graphic file (type jpg)
<use mindball-game.jpg>
Package pdftex.def Info: mindball-game.jpg used on input line 1005.
(pdftex.def)             Requested size: 346.89731pt x 152.8937pt.

Underfull \vbox (badness 10000) has occurred while \output is active []

[16 <./mindball-game.jpg>] <biozen_feedback.png, id=722, 722.7pt x 1284.8pt>
File: biozen_feedback.png Graphic file (type png)
<use biozen_feedback.png>
Package pdftex.def Info: biozen_feedback.png used on input line 1045.
(pdftex.def)             Requested size: 104.07024pt x 185.00714pt.

Underfull \hbox (badness 1038) in paragraph at lines 1048--1048
[]\OT1/cmr/bx/n/9 (a) |\OT1/cmr/m/n/9 BioZen feed-back con-
 []


Underfull \hbox (badness 3471) in paragraph at lines 1048--1048
\OT1/cmr/m/n/9 sist-ing of a sun vary-ing
 []


Underfull \hbox (badness 1067) in paragraph at lines 1048--1048
\OT1/cmr/m/n/9 from dark (low al-pha) to
 []

<biozen_feedback_gain_control.png, id=723, 722.7pt x 1284.8pt>
File: biozen_feedback_gain_control.png Graphic file (type png)
<use biozen_feedback_gain_control.png>
Package pdftex.def Info: biozen_feedback_gain_control.png used on input line 10
53.
(pdftex.def)             Requested size: 104.07024pt x 185.00714pt.
<biozen_feedback_save.png, id=724, 722.7pt x 1284.8pt>
File: biozen_feedback_save.png Graphic file (type png)
<use biozen_feedback_save.png>
Package pdftex.def Info: biozen_feedback_save.png used on input line 1059.
(pdftex.def)             Requested size: 104.07024pt x 185.00714pt.

Underfull \hbox (badness 1163) in paragraph at lines 1061--1061
[]\OT1/cmr/bx/n/9 (c) |\OT1/cmr/m/n/9 Save feed-back ses-sion
 []


Underfull \hbox (badness 7522) in paragraph at lines 1061--1061
\OT1/cmr/m/n/9 with a tag (med-i-ta-tion,
 []

[17] [18 <./biozen_feedback.png (PNG copy)> <./biozen_feedback_gain_control.png
 (PNG copy)> <./biozen_feedback_save.png (PNG copy)>] <smartphone-brain-scanner
-feedback.png, id=752, 235.6002pt x 168.1482pt>
File: smartphone-brain-scanner-feedback.png Graphic file (type png)
<use smartphone-brain-scanner-feedback.png>
Package pdftex.def Info: smartphone-brain-scanner-feedback.png used on input li
ne 1128.
(pdftex.def)             Requested size: 260.17464pt x 185.68967pt.
[19 <./smartphone-brain-scanner-feedback.png>] [20]
Chapter 3.
[21

] <mindwave_sdk_low_alpha_power.pdf, id=782, 562.1pt x 421.575pt>
File: mindwave_sdk_low_alpha_power.pdf Graphic file (type pdf)
<use mindwave_sdk_low_alpha_power.pdf>
Package pdftex.def Info: mindwave_sdk_low_alpha_power.pdf used on input line 12
99.
(pdftex.def)             Requested size: 208.13574pt x 156.10252pt.
<mindwave_sdk_low_alpha_power_y_lim_30000.pdf, id=783, 562.1pt x 421.575pt>
File: mindwave_sdk_low_alpha_power_y_lim_30000.pdf Graphic file (type pdf)
<use mindwave_sdk_low_alpha_power_y_lim_30000.pdf>
Package pdftex.def Info: mindwave_sdk_low_alpha_power_y_lim_30000.pdf used on i
nput line 1305.
(pdftex.def)             Requested size: 208.13574pt x 156.10252pt.

Underfull \vbox (badness 4505) has occurred while \output is active []

[22 <./mindwave_sdk_low_alpha_power.pdf> <./mindwave_sdk_low_alpha_power_y_lim_
30000.pdf>] <alpha-bin-2s-raw-eeg.png, id=808, 1170.3725pt x 878.28125pt>
File: alpha-bin-2s-raw-eeg.png Graphic file (type png)
<use alpha-bin-2s-raw-eeg.png>
Package pdftex.def Info: alpha-bin-2s-raw-eeg.png used on input line 1350.
(pdftex.def)             Requested size: 208.13574pt x 156.18079pt.
<alpha-bin-2s-sdk.png, id=809, 1170.3725pt x 878.28125pt>
File: alpha-bin-2s-sdk.png Graphic file (type png)
<use alpha-bin-2s-sdk.png>
Package pdftex.def Info: alpha-bin-2s-sdk.png used on input line 1356.
(pdftex.def)             Requested size: 208.13574pt x 156.18079pt.
[23 <./alpha-bin-2s-raw-eeg.png (PNG copy)> <./alpha-bin-2s-sdk.png (PNG copy)>
] [24] <experiment-setup-w-epoc.jpg, id=832, 2601.72pt x 1951.29pt>
File: experiment-setup-w-epoc.jpg Graphic file (type jpg)
<use experiment-setup-w-epoc.jpg>
Package pdftex.def Info: experiment-setup-w-epoc.jpg used on input line 1524.
(pdftex.def)             Requested size: 151.76964pt x 113.82695pt.
<experiment-setup-w-truesense.jpg, id=833, 2601.72pt x 1951.29pt>
File: experiment-setup-w-truesense.jpg Graphic file (type jpg)
<use experiment-setup-w-truesense.jpg>
Package pdftex.def Info: experiment-setup-w-truesense.jpg used on input line 15
30.
(pdftex.def)             Requested size: 151.76964pt x 113.82695pt.
<experiment-setup-w-mindwave.jpg, id=834, 1638.12pt x 1862.96pt>
File: experiment-setup-w-mindwave.jpg Graphic file (type jpg)
<use experiment-setup-w-mindwave.jpg>
Package pdftex.def Info: experiment-setup-w-mindwave.jpg used on input line 153
6.
(pdftex.def)             Requested size: 106.23828pt x 120.81238pt.

Underfull \vbox (badness 1454) has occurred while \output is active []

[25 <./experiment-setup-w-epoc.jpg> <./experiment-setup-w-truesense.jpg> <./exp
eriment-setup-w-mindwave.jpg>] [26] [27] <experiment-final-7-epoc-alpha-progres
s.png, id=878, 578.16pt x 433.62pt>
File: experiment-final-7-epoc-alpha-progress.png Graphic file (type png)
<use experiment-final-7-epoc-alpha-progress.png>
Package pdftex.def Info: experiment-final-7-epoc-alpha-progress.png used on inp
ut line 1750.
(pdftex.def)             Requested size: 212.47617pt x 159.35178pt.
<experiment-final-7-epoc-pwelch-power.png, id=879, 578.16pt x 433.62pt>
File: experiment-final-7-epoc-pwelch-power.png Graphic file (type png)
<use experiment-final-7-epoc-pwelch-power.png>
Package pdftex.def Info: experiment-final-7-epoc-pwelch-power.png used on input
 line 1756.
(pdftex.def)             Requested size: 212.47617pt x 159.35178pt.
<experiment-final-7-mindwave-alpha-progress.png, id=880, 578.16pt x 433.62pt>
File: experiment-final-7-mindwave-alpha-progress.png Graphic file (type png)
<use experiment-final-7-mindwave-alpha-progress.png>
Package pdftex.def Info: experiment-final-7-mindwave-alpha-progress.png used on
 input line 1762.
(pdftex.def)             Requested size: 212.47617pt x 159.35178pt.
<experiment-final-7-mindwave-pwelch-power.png, id=881, 578.16pt x 433.62pt>
File: experiment-final-7-mindwave-pwelch-power.png Graphic file (type png)
<use experiment-final-7-mindwave-pwelch-power.png>
Package pdftex.def Info: experiment-final-7-mindwave-pwelch-power.png used on i
nput line 1768.
(pdftex.def)             Requested size: 212.47617pt x 159.35178pt.

<experiment-final-7-truesense-alpha-progress.png, id=882, 578.16pt x 433.62pt>
File: experiment-final-7-truesense-alpha-progress.png Graphic file (type png)
<use experiment-final-7-truesense-alpha-progress.png>
Package pdftex.def Info: experiment-final-7-truesense-alpha-progress.png used o
n input line 1774.
(pdftex.def)             Requested size: 212.47617pt x 159.35178pt.
<experiment-final-7-truesense-pwelch-power.png, id=883, 578.16pt x 433.62pt>
File: experiment-final-7-truesense-pwelch-power.png Graphic file (type png)
<use experiment-final-7-truesense-pwelch-power.png>
Package pdftex.def Info: experiment-final-7-truesense-pwelch-power.png used on 
input line 1780.
(pdftex.def)             Requested size: 212.47617pt x 159.35178pt.
<experiment-final-13-epoc-alpha-progress.png, id=884, 578.16pt x 433.62pt>
File: experiment-final-13-epoc-alpha-progress.png Graphic file (type png)
<use experiment-final-13-epoc-alpha-progress.png>
Package pdftex.def Info: experiment-final-13-epoc-alpha-progress.png used on in
put line 1798.
(pdftex.def)             Requested size: 212.47617pt x 159.35178pt.
<experiment-final-13-epoc-pwelch-power.png, id=885, 578.16pt x 433.62pt>
File: experiment-final-13-epoc-pwelch-power.png Graphic file (type png)
<use experiment-final-13-epoc-pwelch-power.png>
Package pdftex.def Info: experiment-final-13-epoc-pwelch-power.png used on inpu
t line 1804.
(pdftex.def)             Requested size: 212.47617pt x 159.35178pt.

<experiment-final-13-mindwave-alpha-progress.png, id=886, 578.16pt x 433.62pt>
File: experiment-final-13-mindwave-alpha-progress.png Graphic file (type png)
<use experiment-final-13-mindwave-alpha-progress.png>
Package pdftex.def Info: experiment-final-13-mindwave-alpha-progress.png used o
n input line 1810.
(pdftex.def)             Requested size: 212.47617pt x 159.35178pt.
<experiment-final-13-mindwave-pwelch-power.png, id=887, 578.16pt x 433.62pt>
File: experiment-final-13-mindwave-pwelch-power.png Graphic file (type png)
<use experiment-final-13-mindwave-pwelch-power.png>
Package pdftex.def Info: experiment-final-13-mindwave-pwelch-power.png used on 
input line 1816.
(pdftex.def)             Requested size: 212.47617pt x 159.35178pt.

<experiment-final-13-truesense-alpha-progress.png, id=888, 578.16pt x 433.62pt>
File: experiment-final-13-truesense-alpha-progress.png Graphic file (type png)
<use experiment-final-13-truesense-alpha-progress.png>
Package pdftex.def Info: experiment-final-13-truesense-alpha-progress.png used 
on input line 1822.
(pdftex.def)             Requested size: 212.47617pt x 159.35178pt.
<experiment-final-13-truesense-pwelch-power.png, id=889, 578.16pt x 433.62pt>
File: experiment-final-13-truesense-pwelch-power.png Graphic file (type png)
<use experiment-final-13-truesense-pwelch-power.png>
Package pdftex.def Info: experiment-final-13-truesense-pwelch-power.png used on
 input line 1828.
(pdftex.def)             Requested size: 212.47617pt x 159.35178pt.
[28] [29 <./experiment-final-7-epoc-alpha-progress.png (PNG copy)> <./experimen
t-final-7-epoc-pwelch-power.png (PNG copy)> <./experiment-final-7-mindwave-alph
a-progress.png (PNG copy)> <./experiment-final-7-mindwave-pwelch-power.png (PNG
 copy)> <./experiment-final-7-truesense-alpha-progress.png (PNG copy)> <./exper
iment-final-7-truesense-pwelch-power.png (PNG copy)>] [30 <./experiment-final-1
3-epoc-alpha-progress.png> <./experiment-final-13-epoc-pwelch-power.png> <./exp
eriment-final-13-mindwave-alpha-progress.png> <./experiment-final-13-mindwave-p
welch-power.png> <./experiment-final-13-truesense-alpha-progress.png> <./experi
ment-final-13-truesense-pwelch-power.png>]
Overfull \hbox (47.99336pt too wide) in paragraph at lines 1867--1955
 [] 
 []

[31]
Chapter 4.
[32

] <theiterativemodel.png, id=939, 644.4075pt x 400.3758pt>
File: theiterativemodel.png Graphic file (type png)
<use theiterativemodel.png>
Package pdftex.def Info: theiterativemodel.png used on input line 2018.
(pdftex.def)             Requested size: 260.17464pt x 161.65034pt.
[33 <./theiterativemodel.png>] <design-scenario-work1.png, id=957, 845.0772pt x
 183.3249pt>
File: design-scenario-work1.png Graphic file (type png)
<use design-scenario-work1.png>
Package pdftex.def Info: design-scenario-work1.png used on input line 2046.
(pdftex.def)             Requested size: 433.62pt x 94.06511pt.
[34 <./design-scenario-work1.png>] [35]
Underfull \vbox (badness 5022) has occurred while \output is active []

[36] <early-prototype-app-screen-start.png, id=1003, 722.7pt x 1284.8pt>
File: early-prototype-app-screen-start.png Graphic file (type png)
<use early-prototype-app-screen-start.png>
Package pdftex.def Info: early-prototype-app-screen-start.png used on input lin
e 2179.
(pdftex.def)             Requested size: 104.07024pt x 185.00714pt.

Underfull \hbox (badness 2753) in paragraph at lines 2180--2180
[]\OT1/cmr/bx/n/9 (a) |\OT1/cmr/m/n/9 Early pro-to-type app
 []

<early-prototype-screen-calibrate.png, id=1004, 722.7pt x 1284.8pt>
File: early-prototype-screen-calibrate.png Graphic file (type png)
<use early-prototype-screen-calibrate.png>
Package pdftex.def Info: early-prototype-screen-calibrate.png used on input lin
e 2185.
(pdftex.def)             Requested size: 104.07024pt x 185.00714pt.
<early-prototype-feedback-box.png, id=1005, 722.7pt x 1284.8pt>
File: early-prototype-feedback-box.png Graphic file (type png)
<use early-prototype-feedback-box.png>
Package pdftex.def Info: early-prototype-feedback-box.png used on input line 21
91.
(pdftex.def)             Requested size: 104.07024pt x 185.00714pt.
<early-prototype-feedback-box-w-history.png, id=1006, 722.7pt x 1284.8pt>
File: early-prototype-feedback-box-w-history.png Graphic file (type png)
<use early-prototype-feedback-box-w-history.png>
Package pdftex.def Info: early-prototype-feedback-box-w-history.png used on inp
ut line 2197.
(pdftex.def)             Requested size: 104.07024pt x 185.00714pt.
<early-prototype-feedback-bar.png, id=1007, 722.7pt x 1284.8pt>
File: early-prototype-feedback-bar.png Graphic file (type png)
<use early-prototype-feedback-bar.png>
Package pdftex.def Info: early-prototype-feedback-bar.png used on input line 22
03.
(pdftex.def)             Requested size: 104.07024pt x 185.00714pt.
<early-prototype-feedback-bar-w-history.png, id=1008, 722.7pt x 1284.8pt>
File: early-prototype-feedback-bar-w-history.png Graphic file (type png)
<use early-prototype-feedback-bar-w-history.png>
Package pdftex.def Info: early-prototype-feedback-bar-w-history.png used on inp
ut line 2209.
(pdftex.def)             Requested size: 104.07024pt x 185.00714pt.
<early-prototype-feedback-bar-growing.png, id=1009, 722.7pt x 1284.8pt>
File: early-prototype-feedback-bar-growing.png Graphic file (type png)
<use early-prototype-feedback-bar-growing.png>
Package pdftex.def Info: early-prototype-feedback-bar-growing.png used on input
 line 2215.
(pdftex.def)             Requested size: 104.07024pt x 185.00714pt.

Underfull \hbox (badness 4967) in paragraph at lines 2216--2216
[]\OT1/cmr/bx/n/9 (g) |\OT1/cmr/m/n/9 Feed-back bar grow-
 []

<early-prototype-screen-history.png, id=1010, 722.7pt x 1284.8pt>
File: early-prototype-screen-history.png Graphic file (type png)
<use early-prototype-screen-history.png>
Package pdftex.def Info: early-prototype-screen-history.png used on input line 
2221.
(pdftex.def)             Requested size: 104.07024pt x 185.00714pt.

LaTeX Warning: Float too large for page by 46.59143pt on input line 2225.

[37] [38 <./early-prototype-app-screen-start.png (PNG copy)> <./early-prototype
-screen-calibrate.png (PNG copy)> <./early-prototype-feedback-box.png (PNG copy
)> <./early-prototype-feedback-box-w-history.png (PNG copy)> <./early-prototype
-feedback-bar.png (PNG copy)> <./early-prototype-feedback-bar-w-history.png (PN
G copy)> <./early-prototype-feedback-bar-growing.png (PNG copy)> <./early-proto
type-screen-history.png>] <final-prototype-start.png, id=1032, 722.7pt x 1284.8
pt>
File: final-prototype-start.png Graphic file (type png)
<use final-prototype-start.png>
Package pdftex.def Info: final-prototype-start.png used on input line 2308.
(pdftex.def)             Requested size: 104.07024pt x 185.00714pt.
<final-prototype-calibrate-step-1.png, id=1033, 722.7pt x 1284.8pt>
File: final-prototype-calibrate-step-1.png Graphic file (type png)
<use final-prototype-calibrate-step-1.png>
Package pdftex.def Info: final-prototype-calibrate-step-1.png used on input lin
e 2314.
(pdftex.def)             Requested size: 104.07024pt x 185.00714pt.
<final-prototype-calibrate-step-2.png, id=1034, 722.7pt x 1284.8pt>
File: final-prototype-calibrate-step-2.png Graphic file (type png)
<use final-prototype-calibrate-step-2.png>
Package pdftex.def Info: final-prototype-calibrate-step-2.png used on input lin
e 2320.
(pdftex.def)             Requested size: 104.07024pt x 185.00714pt.
<final-prototype-calibrate-no-connect.png, id=1035, 722.7pt x 1284.8pt>
File: final-prototype-calibrate-no-connect.png Graphic file (type png)
<use final-prototype-calibrate-no-connect.png>
Package pdftex.def Info: final-prototype-calibrate-no-connect.png used on input
 line 2326.
(pdftex.def)             Requested size: 104.07024pt x 185.00714pt.
<final-prototype-no-headset-found.png, id=1036, 722.7pt x 1284.8pt>
File: final-prototype-no-headset-found.png Graphic file (type png)
<use final-prototype-no-headset-found.png>
Package pdftex.def Info: final-prototype-no-headset-found.png used on input lin
e 2332.
(pdftex.def)             Requested size: 104.07024pt x 185.00714pt.
<final-prototype-reference.png, id=1037, 722.7pt x 1284.8pt>
File: final-prototype-reference.png Graphic file (type png)
<use final-prototype-reference.png>
Package pdftex.def Info: final-prototype-reference.png used on input line 2338.

(pdftex.def)             Requested size: 104.07024pt x 185.00714pt.
<final-prototype-training-start.png, id=1038, 722.7pt x 1284.8pt>
File: final-prototype-training-start.png Graphic file (type png)
<use final-prototype-training-start.png>
Package pdftex.def Info: final-prototype-training-start.png used on input line 
2344.
(pdftex.def)             Requested size: 104.07024pt x 185.00714pt.

Underfull \hbox (badness 1184) in paragraph at lines 2345--2345
[]\OT1/cmr/bx/n/9 (g) |\OT1/cmr/m/n/9 Train-ing feed-back in-
 []

<final-prototype-training-completed.png, id=1039, 722.7pt x 1284.8pt>
File: final-prototype-training-completed.png Graphic file (type png)
<use final-prototype-training-completed.png>
Package pdftex.def Info: final-prototype-training-completed.png used on input l
ine 2350.
(pdftex.def)             Requested size: 104.07024pt x 185.00714pt.
<final-prototype-history-overview.png, id=1040, 722.7pt x 1284.8pt>
File: final-prototype-history-overview.png Graphic file (type png)
<use final-prototype-history-overview.png>
Package pdftex.def Info: final-prototype-history-overview.png used on input lin
e 2356.
(pdftex.def)             Requested size: 104.07024pt x 185.00714pt.

Underfull \hbox (badness 2452) in paragraph at lines 2358--2358
[]\OT1/cmr/bx/n/9 (i) |\OT1/cmr/m/n/9 Train-ing his-tory (per
 []


LaTeX Warning: Float too large for page by 34.59143pt on input line 2362.

[39] [40 <./final-prototype-start.png (PNG copy)> <./final-prototype-calibrate-
step-1.png (PNG copy)> <./final-prototype-calibrate-step-2.png (PNG copy)> <./f
inal-prototype-calibrate-no-connect.png (PNG copy)> <./final-prototype-no-heads
et-found.png (PNG copy)> <./final-prototype-reference.png (PNG copy)> <./final-
prototype-training-start.png (PNG copy)> <./final-prototype-training-completed.
png (PNG copy)> <./final-prototype-history-overview.png (PNG copy)>] <final-pro
totype-feedback-1-box-colors.png, id=1067, 722.7pt x 1284.8pt>
File: final-prototype-feedback-1-box-colors.png Graphic file (type png)
<use final-prototype-feedback-1-box-colors.png>
Package pdftex.def Info: final-prototype-feedback-1-box-colors.png used on inpu
t line 2421.
(pdftex.def)             Requested size: 104.07024pt x 185.00714pt.
<final-prototype-feedback-2-circles.png, id=1068, 722.7pt x 1284.8pt>
File: final-prototype-feedback-2-circles.png Graphic file (type png)
<use final-prototype-feedback-2-circles.png>
Package pdftex.def Info: final-prototype-feedback-2-circles.png used on input l
ine 2428.
(pdftex.def)             Requested size: 104.07024pt x 185.00714pt.
<final-prototype-feedback-3-4-5.png, id=1069, 722.7pt x 1284.8pt>
File: final-prototype-feedback-3-4-5.png Graphic file (type png)
<use final-prototype-feedback-3-4-5.png>
Package pdftex.def Info: final-prototype-feedback-3-4-5.png used on input line 
2434.
(pdftex.def)             Requested size: 104.07024pt x 185.00714pt.
[41] [42 <./final-prototype-feedback-1-box-colors.png (PNG copy)> <./final-prot
otype-feedback-2-circles.png (PNG copy)> <./final-prototype-feedback-3-4-5.png 
(PNG copy)>]
Chapter 5.
<alphatrainer-system-overview.png, id=1090, 727.63844pt x 419.52734pt>
File: alphatrainer-system-overview.png Graphic file (type png)
<use alphatrainer-system-overview.png>
Package pdftex.def Info: alphatrainer-system-overview.png used on input line 24
69.
(pdftex.def)             Requested size: 433.62pt x 250.00914pt.

Underfull \vbox (badness 10000) has occurred while \output is active []

[43

 <./alphatrainer-system-overview.png>]

LaTeX Font Warning: Font shape `OT1/fi4/bx/n' undefined
(Font)              using `OT1/fi4/m/n' instead on input line 2520.


LaTeX Font Warning: Font shape `OT1/fi4/m/it' undefined
(Font)              using `OT1/fi4/m/n' instead on input line 2524.

[44]
Underfull \vbox (badness 10000) has occurred while \output is active []

[45]
<alphatrainer-android-app-architecture.png, id=1129, 725.71124pt x 539.01375pt>
File: alphatrainer-android-app-architecture.png Graphic file (type png)
<use alphatrainer-android-app-architecture.png>
Package pdftex.def Info: alphatrainer-android-app-architecture.png used on inpu
t line 2592.
(pdftex.def)             Requested size: 433.62pt x 322.07011pt.
[46]
LaTeX Font Info:    Try loading font information for OML+fi4 on input line 2635
.
LaTeX Font Info:    No file OMLfi4.fd. on input line 2635.

LaTeX Font Warning: Font shape `OML/fi4/m/n' undefined
(Font)              using `OML/cmm/m/it' instead
(Font)              for symbol `textless' on input line 2635.

[47 <./alphatrainer-android-app-architecture.png>] [48]
Overfull \hbox (40.09357pt too wide) in paragraph at lines 2708--2717
\OT1/cmr/m/n/10 ter-faces. The Head-set-Man-ager then dis-tributes the data to 
each of its reg-is-tered \OML/fi4/m/n/10 <<\OT1/fi4/m/n/10 IHeadsetDataListener
\OML/fi4/m/n/10 >>
 []


Underfull \vbox (badness 1502) detected at line 2729
 []


Underfull \vbox (badness 1466) has occurred while \output is active []

[49]
Overfull \hbox (26.90808pt too wide) in paragraph at lines 2764--2774
[]\OML/fi4/m/n/10 <<\OT1/fi4/m/n/10 ISignalProcessor\OML/fi4/m/n/10 >> \OT1/cmr
/m/n/10 is cur-rently im-ple-mented by \OT1/fi4/m/n/10 DummySignalProcessor \OT
1/cmr/m/n/10 and \OT1/fi4/m/n/10 OpenCVSignalProcessor
 []


Underfull \vbox (badness 2426) has occurred while \output is active []

[50] <flow-diagram-feedback.png, id=1174, 795.9336pt x 503.84235pt>
File: flow-diagram-feedback.png Graphic file (type png)
<use flow-diagram-feedback.png>
Package pdftex.def Info: flow-diagram-feedback.png used on input line 2811.
(pdftex.def)             Requested size: 433.62pt x 274.49252pt.

Underfull \vbox (badness 7344) has occurred while \output is active []

[51]
Underfull \vbox (badness 4391) has occurred while \output is active []

[52 <./flow-diagram-feedback.png>]
Overfull \hbox (38.04604pt too wide) in paragraph at lines 2886--2889
[]\OT1/cmr/m/n/10 All con-crete database com-mu-ni-ca-tion takes place in the \
OT1/fi4/m/n/10 DAO \OT1/cmr/m/n/10 class from the \OT1/fi4/m/n/10 dk.itu.alphat
rainer.datastorage
 []

[53]
Underfull \vbox (badness 1917) has occurred while \output is active []

[54]
Underfull \vbox (badness 10000) has occurred while \output is active []

[55] [56] <alphatrainer-service.png, id=1252, 663.47874pt x 920.43875pt>
File: alphatrainer-service.png Graphic file (type png)
<use alphatrainer-service.png>
Package pdftex.def Info: alphatrainer-service.png used on input line 3050.
(pdftex.def)             Requested size: 346.89731pt x 481.24323pt.
[57] [58 <./alphatrainer-service.png>] [59] [60]
Chapter 6.
[61

] [62] [63] [64] [65] [66]
Underfull \vbox (badness 6859) has occurred while \output is active []

[67]
Underfull \vbox (badness 10000) has occurred while \output is active []

[68]
Underfull \hbox (badness 10000) in paragraph at lines 3507--3507
[]|\OT1/cmss/m/n/10 Average base-lines
 []


Underfull \hbox (badness 10000) in paragraph at lines 3510--3510
[]|\OT1/cmss/m/n/10 Average base-lines
 []


Overfull \hbox (4.63533pt too wide) in paragraph at lines 3499--3572
 [] 
 []

[69] [70]
Underfull \vbox (badness 1515) has occurred while \output is active []

[71]
LaTeX Font Info:    Try loading font information for OMS+cmr on input line 3733
.
(/usr/local/texlive/2013/texmf-dist/tex/latex/base/omscmr.fd
File: omscmr.fd 1999/05/25 v2.5h Standard LaTeX font definitions
)
LaTeX Font Info:    Font shape `OMS/cmr/m/n' in size <8> not available
(Font)              Font shape `OMS/cmsy/m/n' tried instead on input line 3733.

[72] [73]
Chapter 7.
[74

] [75] [76]
Appendix A.
<emotiv_epoc_testbench.png, id=1414, 1050.92625pt x 881.2925pt>
File: emotiv_epoc_testbench.png Graphic file (type png)
<use emotiv_epoc_testbench.png>
Package pdftex.def Info: emotiv_epoc_testbench.png used on input line 3818.
(pdftex.def)             Requested size: 1050.9237pt x 881.29034pt.

Overfull \hbox (91.84186pt too wide) in paragraph at lines 3818--3820
[][]
 []


Underfull \vbox (badness 10000) has occurred while \output is active []

[77

] [78 <./emotiv_epoc_testbench.png>]
Appendix B.
<truesense-kit-console-in-action.png, id=1424, 979.66pt x 863.225pt>
File: truesense-kit-console-in-action.png Graphic file (type png)
<use truesense-kit-console-in-action.png>
Package pdftex.def Info: truesense-kit-console-in-action.png used on input line
 3830.
(pdftex.def)             Requested size: 979.65762pt x 863.2229pt.

Overfull \hbox (7.22293pt too wide) in paragraph at lines 3830--3832
[][]
 []


Underfull \vbox (badness 10000) has occurred while \output is active []

[79

] [80 <./truesense-kit-console-in-action.png>]
Appendix C.

Overfull \hbox (43.65327pt too wide) in paragraph at lines 3841--3842
\OT1/cmr/m/n/10 Download code from (clone or zip): []https://github.com/AlphaTr
ainer/alpha[]bci[]experiment/tree/final[]handin[] 
 []

LaTeX Font Info:    Try loading font information for TS1+fi4 on input line 3854
.
(/usr/local/texlive/2013/texmf-dist/tex/latex/inconsolata/ts1fi4.fd
File: ts1fi4.fd 2009/05/28 TS1/Inconsolata
) [81

] [82]
Appendix D.

<support_neurosky_com_discussions_sdk_developers_1934_outlier_1.png, id=1455, 8
33.0322pt x 590.6868pt>
File: support_neurosky_com_discussions_sdk_developers_1934_outlier_1.png Graphi
c file (type png)
<use support_neurosky_com_discussions_sdk_developers_1934_outlier_1.png>
Package pdftex.def Info: support_neurosky_com_discussions_sdk_developers_1934_o
utlier_1.png used on input line 3886.
(pdftex.def)             Requested size: 433.62pt x 307.47435pt.

<support_neurosky_com_discussions_sdk_developers_1934_outlier_2.png, id=1456, 8
33.0322pt x 590.6868pt>
File: support_neurosky_com_discussions_sdk_developers_1934_outlier_2.png Graphi
c file (type png)
<use support_neurosky_com_discussions_sdk_developers_1934_outlier_2.png>
Package pdftex.def Info: support_neurosky_com_discussions_sdk_developers_1934_o
utlier_2.png used on input line 3888.
(pdftex.def)             Requested size: 433.62pt x 307.47435pt.

Underfull \vbox (badness 10000) has occurred while \output is active []

[83

 <./support_neurosky_com_discussions_sdk_developers_1934_outlier_1.png>]
<support_neurosky_com_discussions_sdk_developers_1934_outlier_3.png, id=1462, 8
33.0322pt x 590.6868pt>
File: support_neurosky_com_discussions_sdk_developers_1934_outlier_3.png Graphi
c file (type png)
<use support_neurosky_com_discussions_sdk_developers_1934_outlier_3.png>
Package pdftex.def Info: support_neurosky_com_discussions_sdk_developers_1934_o
utlier_3.png used on input line 3890.
(pdftex.def)             Requested size: 433.62pt x 307.47435pt.

<support_neurosky_com_discussions_sdk_developers_1934_outlier_4.png, id=1463, 8
39.7774pt x 225.4824pt>
File: support_neurosky_com_discussions_sdk_developers_1934_outlier_4.png Graphi
c file (type png)
<use support_neurosky_com_discussions_sdk_developers_1934_outlier_4.png>
Package pdftex.def Info: support_neurosky_com_discussions_sdk_developers_1934_o
utlier_4.png used on input line 3892.
(pdftex.def)             Requested size: 433.62pt x 116.42921pt.

Underfull \vbox (badness 10000) has occurred while \output is active []

[84 <./support_neurosky_com_discussions_sdk_developers_1934_outlier_2.png> <./s
upport_neurosky_com_discussions_sdk_developers_1934_outlier_3.png>] [85 <./supp
ort_neurosky_com_discussions_sdk_developers_1934_outlier_4.png>]
Appendix E.

Underfull \vbox (badness 1087) has occurred while \output is active []

[86

] [87] [88]
Appendix F.
<design-scenario-work.png, id=1495, 845.0772pt x 183.3249pt>
File: design-scenario-work.png Graphic file (type png)
<use design-scenario-work.png>
Package pdftex.def Info: design-scenario-work.png used on input line 4008.
(pdftex.def)             Requested size: 433.62pt x 94.06511pt.
<design-scenario-commuting.png, id=1496, 843.75224pt x 226.80734pt>
File: design-scenario-commuting.png Graphic file (type png)
<use design-scenario-commuting.png>
Package pdftex.def Info: design-scenario-commuting.png used on input line 4012.

(pdftex.def)             Requested size: 433.62pt x 116.55963pt.

Underfull \vbox (badness 2269) has occurred while \output is active []

[89

 <./design-scenario-work.png> <./design-scenario-commuting.png>] <design-scenar
io-home.png, id=1503, 843.75224pt x 199.34476pt>
File: design-scenario-home.png Graphic file (type png)
<use design-scenario-home.png>
Package pdftex.def Info: design-scenario-home.png used on input line 4016.
(pdftex.def)             Requested size: 433.62pt x 102.4462pt.
[90 <./design-scenario-home.png>]
Appendix G.

Overfull \hbox (0.63097pt too wide) in paragraph at lines 4026--4027
\OT1/cmr/m/n/10 Download code from (clone or zip): []https://github.com/AlphaTr
ainer/opencvbrain/tree/finalhandin[] 
 []

[91

] [92] [93] [94]
Appendix H.
LaTeX Font Info:    Font shape `OMS/cmr/m/n' in size <10> not available
(Font)              Font shape `OMS/cmsy/m/n' tried instead on input line 4180.

LaTeX Font Info:    Font shape `OML/cmr/bx/n' in size <10> not available
(Font)              Font shape `OML/cmm/b/it' tried instead on input line 4186.

<final_evaluation_questionnaire.png, id=1558, 475.0548pt x 247.1634pt>
File: final_evaluation_questionnaire.png Graphic file (type png)
<use final_evaluation_questionnaire.png>
Package pdftex.def Info: final_evaluation_questionnaire.png used on input line 
4198.
(pdftex.def)             Requested size: 475.05363pt x 247.16278pt.

Overfull \hbox (41.43364pt too wide) in paragraph at lines 4198--4199
[][]
 []


Underfull \hbox (badness 10000) in paragraph at lines 4198--4199

 []


Underfull \vbox (badness 4242) has occurred while \output is active []

[95

] <mindwave_mobile_setup.jpg, id=1564, 1638.12pt x 1862.96pt>
File: mindwave_mobile_setup.jpg Graphic file (type jpg)
<use mindwave_mobile_setup.jpg>
Package pdftex.def Info: mindwave_mobile_setup.jpg used on input line 4212.
(pdftex.def)             Requested size: 204.30998pt x 232.32933pt.

Underfull \vbox (badness 10000) has occurred while \output is active []

[96 <./final_evaluation_questionnaire.png>]
LaTeX Font Info:    Try loading font information for OMS+fi4 on input line 4233
.
LaTeX Font Info:    No file OMSfi4.fd. on input line 4233.

LaTeX Font Warning: Font shape `OMS/fi4/m/n' undefined
(Font)              using `OMS/cmsy/m/n' instead
(Font)              for symbol `textbar' on input line 4233.

[97 <./mindwave_mobile_setup.jpg>] [98]
Underfull \vbox (badness 3838) has occurred while \output is active []

[99] [100] [101] (./footer._tex [102] (./thesis.bbl [103


] [104] [105] [106]))
Package atveryend Info: Empty hook `BeforeClearDocument' on input line 4421.
[107]
Package atveryend Info: Empty hook `AfterLastShipout' on input line 4421.
(./thesis.aux)
Package atveryend Info: Executing hook `AtVeryEndDocument' on input line 4421.
Package atveryend Info: Executing hook `AtEndAfterFileList' on input line 4421.

Package rerunfilecheck Info: File `thesis.out' has not changed.
(rerunfilecheck)             Checksum: 6CD57761E6CD0B747724187B28B923ED;3205.

LaTeX Font Warning: Some font shapes were not available, defaults substituted.


LaTeX Warning: There were multiply-defined labels.

Package atveryend Info: Empty hook `AtVeryVeryEnd' on input line 4421.
 ) 
Here is how much of TeX's memory you used:
 12929 strings out of 493315
 210256 string characters out of 6137903
 296937 words of memory out of 5000000
 15520 multiletter control sequences out of 15000+600000
 13342 words of font info for 48 fonts, out of 8000000 for 9000
 957 hyphenation exceptions out of 8191
 61i,19n,94p,1597b,703s stack positions out of 5000i,500n,10000p,200000b,80000s
{/usr/local/texlive/2013/texmf-dist/fonts/enc/dvips/inconsolata/fi4-ts1.enc}{
/usr/local/texlive/2013/texmf-dist/fonts/enc/dvips/inconsolata/fi4-ot1tt.enc}{/
usr/local/texlive/2013/texmf-dist/fonts/enc/dvips/cm-super/cm-super-ts1.enc}</u
sr/local/texlive/2013/texmf-dist/fonts/type1/public/inconsolata/Inconsolata.pfb
></usr/local/texlive/2013/texmf-dist/fonts/type1/public/ccicons/ccicons.pfb></u
sr/local/texlive/2013/texmf-dist/fonts/type1/public/amsfonts/cm/cmbx10.pfb></us
r/local/texlive/2013/texmf-dist/fonts/type1/public/amsfonts/cm/cmbx12.pfb></usr
/local/texlive/2013/texmf-dist/fonts/type1/public/amsfonts/cm/cmbx9.pfb></usr/l
ocal/texlive/2013/texmf-dist/fonts/type1/public/amsfonts/cm/cmcsc10.pfb></usr/l
ocal/texlive/2013/texmf-dist/fonts/type1/public/amsfonts/cm/cmex10.pfb></usr/lo
cal/texlive/2013/texmf-dist/fonts/type1/public/amsfonts/cm/cmmi10.pfb></usr/loc
al/texlive/2013/texmf-dist/fonts/type1/public/amsfonts/cm/cmmi9.pfb></usr/local
/texlive/2013/texmf-dist/fonts/type1/public/amsfonts/cm/cmmib10.pfb></usr/local
/texlive/2013/texmf-dist/fonts/type1/public/amsfonts/cm/cmr10.pfb></usr/local/t
exlive/2013/texmf-dist/fonts/type1/public/amsfonts/cm/cmr5.pfb></usr/local/texl
ive/2013/texmf-dist/fonts/type1/public/amsfonts/cm/cmr6.pfb></usr/local/texlive
/2013/texmf-dist/fonts/type1/public/amsfonts/cm/cmr7.pfb></usr/local/texlive/20
13/texmf-dist/fonts/type1/public/amsfonts/cm/cmr8.pfb></usr/local/texlive/2013/
texmf-dist/fonts/type1/public/amsfonts/cm/cmr9.pfb></usr/local/texlive/2013/tex
mf-dist/fonts/type1/public/amsfonts/cm/cmss10.pfb></usr/local/texlive/2013/texm
f-dist/fonts/type1/public/amsfonts/cm/cmsy10.pfb></usr/local/texlive/2013/texmf
-dist/fonts/type1/public/amsfonts/cm/cmsy8.pfb></usr/local/texlive/2013/texmf-d
ist/fonts/type1/public/amsfonts/cm/cmsy9.pfb></usr/local/texlive/2013/texmf-dis
t/fonts/type1/public/amsfonts/cm/cmti10.pfb></usr/local/texlive/2013/texmf-dist
/fonts/type1/public/amsfonts/cm/cmti8.pfb></usr/local/texlive/2013/texmf-dist/f
onts/type1/public/cm-super/sfrm1000.pfb>
Output written on thesis.pdf (118 pages, 15915284 bytes).
PDF statistics:
 1810 PDF objects out of 2073 (max. 8388607)
 1551 compressed objects within 16 object streams
 495 named destinations out of 1000 (max. 500000)
 787 words of extra memory for PDF output out of 10000 (max. 10000000)

